<?xml version="1.0" encoding="UTF-8"?>
<testsuite name="com.ticketbooking.system.TicketBookingSystemApplicationTests" tests="5" skipped="0" failures="0" errors="0" timestamp="2026-02-15T19:48:26.071Z" hostname="LAPTOP-BRAINHAC" time="1.204">
  <properties/>
  <testcase name="seatAlreadyHeldReturnsConflict()" classname="com.ticketbooking.system.TicketBookingSystemApplicationTests" time="0.969"/>
  <testcase name="holdConfirmAndAvailabilityFlow()" classname="com.ticketbooking.system.TicketBookingSystemApplicationTests" time="0.15"/>
  <testcase name="missingCorrelationIdIsGeneratedAndReturned()" classname="com.ticketbooking.system.TicketBookingSystemApplicationTests" time="0.017"/>
  <testcase name="creatingSameEventTwiceIsIdempotentAndDoesNotDuplicate()" classname="com.ticketbooking.system.TicketBookingSystemApplicationTests" time="0.021"/>
  <testcase name="createEventsAsArrayAndFetchAllAvailability()" classname="com.ticketbooking.system.TicketBookingSystemApplicationTests" time="0.043"/>
  <system-out><![CDATA[01:18:15.987 [Test worker] INFO org.springframework.test.context.support.AnnotationConfigContextLoaderUtils -- Could not detect default configuration classes for test class [com.ticketbooking.system.TicketBookingSystemApplicationTests]: TicketBookingSystemApplicationTests does not declare any static, non-private, non-final, nested classes annotated with @Configuration.
01:18:16.142 [Test worker] INFO org.springframework.boot.test.context.SpringBootTestContextBootstrapper -- Found @SpringBootConfiguration com.ticketbooking.system.EventTicketBookingSystemApplication for test class com.ticketbooking.system.TicketBookingSystemApplicationTests

  .   ____          _            __ _ _
 /\\ / ___'_ __ _ _(_)_ __  __ _ \ \ \ \
( ( )\___ | '_ | '_| | '_ \/ _` | \ \ \ \
 \\/  ___)| |_)| | | | | || (_| |  ) ) ) )
  '  |____| .__|_| |_|_| |_\__, | / / / /
 =========|_|==============|___/=/_/_/_/

{"timestamp":"2026-02-16T01:18:16.885+05:30","level":"INFO","correlationId":"","traceId":"","spanId":"","method":"","path":"","logger":"o.h.validator.internal.util.Version","thread":"background-preinit","msg":"HV000001: Hibernate Validator 8.0.1.Final"}
 :: Spring Boot ::                (v3.3.5)

{"timestamp":"2026-02-16T01:18:17.037+05:30","level":"INFO","correlationId":"","traceId":"","spanId":"","method":"","path":"","logger":"c.t.s.TicketBookingSystemApplicationTests","thread":"Test worker","msg":"Starting TicketBookingSystemApplicationTests using Java 22.0.1 with PID 26876 (started by ingle in E:\SpryAssignment\EventTicketBookingSystem)"}
{"timestamp":"2026-02-16T01:18:17.037+05:30","level":"INFO","correlationId":"","traceId":"","spanId":"","method":"","path":"","logger":"c.t.s.TicketBookingSystemApplicationTests","thread":"Test worker","msg":"No active profile set, falling back to 1 default profile: \"default\""}
{"timestamp":"2026-02-16T01:18:18.400+05:30","level":"INFO","correlationId":"","traceId":"","spanId":"","method":"","path":"","logger":"o.s.d.r.c.RepositoryConfigurationDelegate","thread":"Test worker","msg":"Bootstrapping Spring Data JPA repositories in DEFAULT mode."}
{"timestamp":"2026-02-16T01:18:18.492+05:30","level":"INFO","correlationId":"","traceId":"","spanId":"","method":"","path":"","logger":"o.s.d.r.c.RepositoryConfigurationDelegate","thread":"Test worker","msg":"Finished Spring Data repository scanning in 76 ms. Found 5 JPA repository interfaces."}
{"timestamp":"2026-02-16T01:18:19.476+05:30","level":"INFO","correlationId":"","traceId":"","spanId":"","method":"","path":"","logger":"o.h.jpa.internal.util.LogHelper","thread":"Test worker","msg":"HHH000204: Processing PersistenceUnitInfo [name: default]"}
{"timestamp":"2026-02-16T01:18:19.559+05:30","level":"INFO","correlationId":"","traceId":"","spanId":"","method":"","path":"","logger":"org.hibernate.Version","thread":"Test worker","msg":"HHH000412: Hibernate ORM core version 6.5.3.Final"}
{"timestamp":"2026-02-16T01:18:19.599+05:30","level":"INFO","correlationId":"","traceId":"","spanId":"","method":"","path":"","logger":"o.h.c.i.RegionFactoryInitiator","thread":"Test worker","msg":"HHH000026: Second-level cache disabled"}
{"timestamp":"2026-02-16T01:18:19.964+05:30","level":"INFO","correlationId":"","traceId":"","spanId":"","method":"","path":"","logger":"o.s.o.j.p.SpringPersistenceUnitInfo","thread":"Test worker","msg":"No LoadTimeWeaver setup: ignoring JPA class transformer"}
{"timestamp":"2026-02-16T01:18:19.996+05:30","level":"INFO","correlationId":"","traceId":"","spanId":"","method":"","path":"","logger":"com.zaxxer.hikari.HikariDataSource","thread":"Test worker","msg":"HikariPool-1 - Starting..."}
{"timestamp":"2026-02-16T01:18:20.181+05:30","level":"INFO","correlationId":"","traceId":"","spanId":"","method":"","path":"","logger":"com.zaxxer.hikari.pool.HikariPool","thread":"Test worker","msg":"HikariPool-1 - Added connection conn0: url=jdbc:h2:mem:ticketdb user=SA"}
{"timestamp":"2026-02-16T01:18:20.181+05:30","level":"INFO","correlationId":"","traceId":"","spanId":"","method":"","path":"","logger":"com.zaxxer.hikari.HikariDataSource","thread":"Test worker","msg":"HikariPool-1 - Start completed."}
{"timestamp":"2026-02-16T01:18:21.341+05:30","level":"INFO","correlationId":"","traceId":"","spanId":"","method":"","path":"","logger":"o.h.e.t.j.p.i.JtaPlatformInitiator","thread":"Test worker","msg":"HHH000489: No JTA platform available (set 'hibernate.transaction.jta.platform' to enable JTA platform integration)"}
{"timestamp":"2026-02-16T01:18:21.432+05:30","level":"INFO","correlationId":"","traceId":"","spanId":"","method":"","path":"","logger":"o.s.o.j.LocalContainerEntityManagerFactoryBean","thread":"Test worker","msg":"Initialized JPA EntityManagerFactory for persistence unit 'default'"}
{"timestamp":"2026-02-16T01:18:21.656+05:30","level":"WARN","correlationId":"","traceId":"","spanId":"","method":"","path":"","logger":"o.s.b.a.o.j.JpaBaseConfiguration$JpaWebConfiguration","thread":"Test worker","msg":"spring.jpa.open-in-view is enabled by default. Therefore, database queries may be performed during view rendering. Explicitly configure spring.jpa.open-in-view to disable this warning"}
{"timestamp":"2026-02-16T01:18:22.843+05:30","level":"INFO","correlationId":"","traceId":"","spanId":"","method":"","path":"","logger":"o.s.d.j.r.query.QueryEnhancerFactory","thread":"Test worker","msg":"Hibernate is in classpath; If applicable, HQL parser will be used."}
{"timestamp":"2026-02-16T01:18:25.588+05:30","level":"INFO","correlationId":"","traceId":"","spanId":"","method":"","path":"","logger":"o.s.b.a.h.H2ConsoleAutoConfiguration","thread":"Test worker","msg":"H2 console available at '/h2-console'. Database available at 'jdbc:h2:mem:ticketdb'"}
{"timestamp":"2026-02-16T01:18:25.698+05:30","level":"INFO","correlationId":"","traceId":"","spanId":"","method":"","path":"","logger":"o.s.b.t.m.w.SpringBootMockServletContext","thread":"Test worker","msg":"Initializing Spring TestDispatcherServlet ''"}
{"timestamp":"2026-02-16T01:18:25.698+05:30","level":"INFO","correlationId":"","traceId":"","spanId":"","method":"","path":"","logger":"o.s.t.w.s.TestDispatcherServlet","thread":"Test worker","msg":"Initializing Servlet ''"}
{"timestamp":"2026-02-16T01:18:25.718+05:30","level":"INFO","correlationId":"","traceId":"","spanId":"","method":"","path":"","logger":"o.s.b.a.e.web.EndpointLinksResolver","thread":"Test worker","msg":"Exposing 3 endpoints beneath base path '/actuator'"}
{"timestamp":"2026-02-16T01:18:25.746+05:30","level":"INFO","correlationId":"","traceId":"","spanId":"","method":"","path":"","logger":"o.s.t.w.s.TestDispatcherServlet","thread":"Test worker","msg":"Completed initialization in 48 ms"}
{"timestamp":"2026-02-16T01:18:25.883+05:30","level":"INFO","correlationId":"","traceId":"","spanId":"","method":"","path":"","logger":"c.t.s.TicketBookingSystemApplicationTests","thread":"Test worker","msg":"Started TicketBookingSystemApplicationTests in 9.531 seconds (process running for 11.296)"}
{"timestamp":"2026-02-16T01:18:26.791+05:30","level":"INFO","correlationId":"4a49f2b0-a1f7-4b9a-a099-903515edba28","traceId":"c278b7486d8d4ae5bb24b9ed6bf48f5d","spanId":"a7701b4a7058","method":"POST","path":"/api/events","logger":"c.t.s.controller.EventController","thread":"Test worker","msg":"Create event request received name=Conflict Event 184099888729700 date=2026-02-18T01:18:26.599557300"}
{"timestamp":"2026-02-16T01:18:26.867+05:30","level":"INFO","correlationId":"4a49f2b0-a1f7-4b9a-a099-903515edba28","traceId":"c278b7486d8d4ae5bb24b9ed6bf48f5d","spanId":"a7701b4a7058","method":"POST","path":"/api/events","logger":"c.t.system.service.EventService","thread":"Test worker","msg":"Event created eventId=1 name=Conflict Event 184099888729700"}
{"timestamp":"2026-02-16T01:18:26.890+05:30","level":"INFO","correlationId":"4a49f2b0-a1f7-4b9a-a099-903515edba28","traceId":"c278b7486d8d4ae5bb24b9ed6bf48f5d","spanId":"a7701b4a7058","method":"POST","path":"/api/events","logger":"c.t.s.config.RequestContextFilter","thread":"Test worker","msg":"{\"timestamp\":\"2026-02-15T19:48:26.890793300Z\",\"level\":\"INFO\",\"correlationId\":\"4a49f2b0-a1f7-4b9a-a099-903515edba28\",\"traceId\":\"c278b7486d8d4ae5bb24b9ed6bf48f5d\",\"spanId\":\"a7701b4a7058\",\"method\":\"POST\",\"path\":\"/api/events\",\"status\":201,\"durationMs\":255}"}
{"timestamp":"2026-02-16T01:18:26.890+05:30","level":"INFO","correlationId":"","traceId":"","spanId":"","method":"","path":"","logger":"c.t.s.config.ApiRequestContextFilter","thread":"Test worker","msg":"{\"timestamp\":\"2026-02-15T19:48:26.890793300Z\",\"level\":\"INFO\",\"correlationId\":\"4a49f2b0-a1f7-4b9a-a099-903515edba28\",\"traceId\":\"1e3fdcd33b724fd183ae4aaad7ac8f10\",\"spanId\":\"a7701b381458\",\"method\":\"POST\",\"path\":\"/api/events\",\"status\":201,\"durationMs\":255}"}
{"timestamp":"2026-02-16T01:18:26.899+05:30","level":"INFO","correlationId":"2be2e183-cc77-424a-a7e6-6accf39006eb","traceId":"d8232ea033d44f88aae8bfb0ac54239b","spanId":"a7702aa005f4","method":"POST","path":"/api/events/1/holds","logger":"c.t.s.controller.BookingController","thread":"Test worker","msg":"Hold seats request received eventId=1 userId=user-a"}
{"timestamp":"2026-02-16T01:18:26.914+05:30","level":"INFO","correlationId":"2be2e183-cc77-424a-a7e6-6accf39006eb","traceId":"d8232ea033d44f88aae8bfb0ac54239b","spanId":"a7702aa005f4","method":"POST","path":"/api/events/1/holds","logger":"c.t.system.service.BookingService","thread":"Test worker","msg":"Processing hold seats eventId=1 userId=user-a seatCount=1"}
{"timestamp":"2026-02-16T01:18:26.962+05:30","level":"INFO","correlationId":"2be2e183-cc77-424a-a7e6-6accf39006eb","traceId":"d8232ea033d44f88aae8bfb0ac54239b","spanId":"a7702aa005f4","method":"POST","path":"/api/events/1/holds","logger":"c.t.system.service.BookingService","thread":"Test worker","msg":"Hold created holdId=69616e54-7649-4532-8f92-fe3d1c3efe25 eventId=1 userId=user-a"}
{"timestamp":"2026-02-16T01:18:26.978+05:30","level":"INFO","correlationId":"2be2e183-cc77-424a-a7e6-6accf39006eb","traceId":"d8232ea033d44f88aae8bfb0ac54239b","spanId":"a7702aa005f4","method":"POST","path":"/api/events/1/holds","logger":"c.t.s.config.RequestContextFilter","thread":"Test worker","msg":"{\"timestamp\":\"2026-02-15T19:48:26.978530200Z\",\"level\":\"INFO\",\"correlationId\":\"2be2e183-cc77-424a-a7e6-6accf39006eb\",\"traceId\":\"d8232ea033d44f88aae8bfb0ac54239b\",\"spanId\":\"a7702aa005f4\",\"method\":\"POST\",\"path\":\"/api/events/1/holds\",\"status\":201,\"durationMs\":79}"}
{"timestamp":"2026-02-16T01:18:26.978+05:30","level":"INFO","correlationId":"","traceId":"","spanId":"","method":"","path":"","logger":"c.t.s.config.ApiRequestContextFilter","thread":"Test worker","msg":"{\"timestamp\":\"2026-02-15T19:48:26.978530200Z\",\"level\":\"INFO\",\"correlationId\":\"2be2e183-cc77-424a-a7e6-6accf39006eb\",\"traceId\":\"8df7bbdd833d4841ae6382c020a63275\",\"spanId\":\"a7702a9ee73c\",\"method\":\"POST\",\"path\":\"/api/events/1/holds\",\"status\":201,\"durationMs\":79}"}
{"timestamp":"2026-02-16T01:18:26.978+05:30","level":"INFO","correlationId":"a5594315-d56e-4bb5-8483-c92d7163f64b","traceId":"9e60c94e0f0c41ea88a6a92d34935158","spanId":"a7702f6b67b8","method":"POST","path":"/api/events/1/holds","logger":"c.t.s.controller.BookingController","thread":"Test worker","msg":"Hold seats request received eventId=1 userId=user-b"}
{"timestamp":"2026-02-16T01:18:26.978+05:30","level":"INFO","correlationId":"a5594315-d56e-4bb5-8483-c92d7163f64b","traceId":"9e60c94e0f0c41ea88a6a92d34935158","spanId":"a7702f6b67b8","method":"POST","path":"/api/events/1/holds","logger":"c.t.system.service.BookingService","thread":"Test worker","msg":"Processing hold seats eventId=1 userId=user-b seatCount=1"}
{"timestamp":"2026-02-16T01:18:27.001+05:30","level":"INFO","correlationId":"a5594315-d56e-4bb5-8483-c92d7163f64b","traceId":"9e60c94e0f0c41ea88a6a92d34935158","spanId":"a7702f6b67b8","method":"POST","path":"/api/events/1/holds","logger":"c.t.s.config.RequestContextFilter","thread":"Test worker","msg":"{\"timestamp\":\"2026-02-15T19:48:26.994223900Z\",\"level\":\"INFO\",\"correlationId\":\"a5594315-d56e-4bb5-8483-c92d7163f64b\",\"traceId\":\"9e60c94e0f0c41ea88a6a92d34935158\",\"spanId\":\"a7702f6b67b8\",\"method\":\"POST\",\"path\":\"/api/events/1/holds\",\"status\":409,\"durationMs\":16}"}
{"timestamp":"2026-02-16T01:18:27.001+05:30","level":"INFO","correlationId":"","traceId":"","spanId":"","method":"","path":"","logger":"c.t.s.config.ApiRequestContextFilter","thread":"Test worker","msg":"{\"timestamp\":\"2026-02-15T19:48:27.001651200Z\",\"level\":\"INFO\",\"correlationId\":\"a5594315-d56e-4bb5-8483-c92d7163f64b\",\"traceId\":\"78bb3da7a4a246acb87fd4ab4455bf46\",\"spanId\":\"a7702f69fe00\",\"method\":\"POST\",\"path\":\"/api/events/1/holds\",\"status\":409,\"durationMs\":23}"}
{"timestamp":"2026-02-16T01:18:27.051+05:30","level":"INFO","correlationId":"32742231-8210-4461-981e-739d929242d5","traceId":"f4829cefce3b43388e0b1c8c968d99d9","spanId":"a77033473bb4","method":"POST","path":"/api/events","logger":"c.t.s.controller.EventController","thread":"Test worker","msg":"Create event request received name=Rock Fest date=2026-02-18T01:18:27.042242400"}
{"timestamp":"2026-02-16T01:18:27.057+05:30","level":"INFO","correlationId":"32742231-8210-4461-981e-739d929242d5","traceId":"f4829cefce3b43388e0b1c8c968d99d9","spanId":"a77033473bb4","method":"POST","path":"/api/events","logger":"c.t.system.service.EventService","thread":"Test worker","msg":"Event created eventId=2 name=Rock Fest"}
{"timestamp":"2026-02-16T01:18:27.058+05:30","level":"INFO","correlationId":"32742231-8210-4461-981e-739d929242d5","traceId":"f4829cefce3b43388e0b1c8c968d99d9","spanId":"a77033473bb4","method":"POST","path":"/api/events","logger":"c.t.s.config.RequestContextFilter","thread":"Test worker","msg":"{\"timestamp\":\"2026-02-15T19:48:27.058236Z\",\"level\":\"INFO\",\"correlationId\":\"32742231-8210-4461-981e-739d929242d5\",\"traceId\":\"f4829cefce3b43388e0b1c8c968d99d9\",\"spanId\":\"a77033473bb4\",\"method\":\"POST\",\"path\":\"/api/events\",\"status\":201,\"durationMs\":16}"}
{"timestamp":"2026-02-16T01:18:27.058+05:30","level":"INFO","correlationId":"","traceId":"","spanId":"","method":"","path":"","logger":"c.t.s.config.ApiRequestContextFilter","thread":"Test worker","msg":"{\"timestamp\":\"2026-02-15T19:48:27.058236Z\",\"level\":\"INFO\",\"correlationId\":\"32742231-8210-4461-981e-739d929242d5\",\"traceId\":\"652eabdf71834d7c83fda63f7aa59f82\",\"spanId\":\"a7703345eafc\",\"method\":\"POST\",\"path\":\"/api/events\",\"status\":201,\"durationMs\":16}"}
{"timestamp":"2026-02-16T01:18:27.058+05:30","level":"INFO","correlationId":"d2e3c986-a11c-4fcf-906f-07a0b72bcb53","traceId":"fe4cfb5d3a2e44dabc766ac0ca837588","spanId":"a77033e9a7c8","method":"POST","path":"/api/events/2/holds","logger":"c.t.s.controller.BookingController","thread":"Test worker","msg":"Hold seats request received eventId=2 userId=user-1"}
{"timestamp":"2026-02-16T01:18:27.058+05:30","level":"INFO","correlationId":"d2e3c986-a11c-4fcf-906f-07a0b72bcb53","traceId":"fe4cfb5d3a2e44dabc766ac0ca837588","spanId":"a77033e9a7c8","method":"POST","path":"/api/events/2/holds","logger":"c.t.system.service.BookingService","thread":"Test worker","msg":"Processing hold seats eventId=2 userId=user-1 seatCount=3"}
{"timestamp":"2026-02-16T01:18:27.074+05:30","level":"INFO","correlationId":"d2e3c986-a11c-4fcf-906f-07a0b72bcb53","traceId":"fe4cfb5d3a2e44dabc766ac0ca837588","spanId":"a77033e9a7c8","method":"POST","path":"/api/events/2/holds","logger":"c.t.system.service.BookingService","thread":"Test worker","msg":"Hold created holdId=783d93ca-c18a-4977-be76-cff30f69334e eventId=2 userId=user-1"}
{"timestamp":"2026-02-16T01:18:27.074+05:30","level":"INFO","correlationId":"d2e3c986-a11c-4fcf-906f-07a0b72bcb53","traceId":"fe4cfb5d3a2e44dabc766ac0ca837588","spanId":"a77033e9a7c8","method":"POST","path":"/api/events/2/holds","logger":"c.t.s.config.RequestContextFilter","thread":"Test worker","msg":"{\"timestamp\":\"2026-02-15T19:48:27.074086500Z\",\"level\":\"INFO\",\"correlationId\":\"d2e3c986-a11c-4fcf-906f-07a0b72bcb53\",\"traceId\":\"fe4cfb5d3a2e44dabc766ac0ca837588\",\"spanId\":\"a77033e9a7c8\",\"method\":\"POST\",\"path\":\"/api/events/2/holds\",\"status\":201,\"durationMs\":16}"}
{"timestamp":"2026-02-16T01:18:27.074+05:30","level":"INFO","correlationId":"","traceId":"","spanId":"","method":"","path":"","logger":"c.t.s.config.ApiRequestContextFilter","thread":"Test worker","msg":"{\"timestamp\":\"2026-02-15T19:48:27.074086500Z\",\"level\":\"INFO\",\"correlationId\":\"d2e3c986-a11c-4fcf-906f-07a0b72bcb53\",\"traceId\":\"83df977392594beea038d9fb7da0181d\",\"spanId\":\"a77033e87844\",\"method\":\"POST\",\"path\":\"/api/events/2/holds\",\"status\":201,\"durationMs\":16}"}
{"timestamp":"2026-02-16T01:18:27.102+05:30","level":"INFO","correlationId":"a7c2e116-bf77-48a0-ae0d-e58f65ddafc3","traceId":"2383daadd59a435ba567109ebe3ebd79","spanId":"a770351df914","method":"GET","path":"/api/events/2/availability","logger":"c.t.s.config.RequestContextFilter","thread":"Test worker","msg":"{\"timestamp\":\"2026-02-15T19:48:27.102421Z\",\"level\":\"INFO\",\"correlationId\":\"a7c2e116-bf77-48a0-ae0d-e58f65ddafc3\",\"traceId\":\"2383daadd59a435ba567109ebe3ebd79\",\"spanId\":\"a770351df914\",\"method\":\"GET\",\"path\":\"/api/events/2/availability\",\"status\":200,\"durationMs\":28}"}
{"timestamp":"2026-02-16T01:18:27.102+05:30","level":"INFO","correlationId":"","traceId":"","spanId":"","method":"","path":"","logger":"c.t.s.config.ApiRequestContextFilter","thread":"Test worker","msg":"{\"timestamp\":\"2026-02-15T19:48:27.102421Z\",\"level\":\"INFO\",\"correlationId\":\"a7c2e116-bf77-48a0-ae0d-e58f65ddafc3\",\"traceId\":\"71a311dde0334c0792edff095c4e4af7\",\"spanId\":\"a770351cd228\",\"method\":\"GET\",\"path\":\"/api/events/2/availability\",\"status\":200,\"durationMs\":28}"}
{"timestamp":"2026-02-16T01:18:27.102+05:30","level":"INFO","correlationId":"a057370e-d2ca-4129-a71a-7032da60fd2a","traceId":"79952297c6924d2eb832726f363c5e8d","spanId":"a77036b2d470","method":"POST","path":"/api/bookings/confirm","logger":"c.t.s.controller.BookingController","thread":"Test worker","msg":"Confirm booking request received holdId=783d93ca-c18a-4977-be76-cff30f69334e"}
{"timestamp":"2026-02-16T01:18:27.102+05:30","level":"INFO","correlationId":"a057370e-d2ca-4129-a71a-7032da60fd2a","traceId":"79952297c6924d2eb832726f363c5e8d","spanId":"a77036b2d470","method":"POST","path":"/api/bookings/confirm","logger":"c.t.system.service.BookingService","thread":"Test worker","msg":"Processing confirm booking holdId=783d93ca-c18a-4977-be76-cff30f69334e"}
{"timestamp":"2026-02-16T01:18:27.137+05:30","level":"INFO","correlationId":"a057370e-d2ca-4129-a71a-7032da60fd2a","traceId":"79952297c6924d2eb832726f363c5e8d","spanId":"a77036b2d470","method":"POST","path":"/api/bookings/confirm","logger":"c.t.system.service.BookingService","thread":"Test worker","msg":"Booking confirmed bookingId=1 holdId=783d93ca-c18a-4977-be76-cff30f69334e userId=user-1"}
{"timestamp":"2026-02-16T01:18:27.149+05:30","level":"INFO","correlationId":"a057370e-d2ca-4129-a71a-7032da60fd2a","traceId":"79952297c6924d2eb832726f363c5e8d","spanId":"a77036b2d470","method":"POST","path":"/api/bookings/confirm","logger":"c.t.s.config.RequestContextFilter","thread":"Test worker","msg":"{\"timestamp\":\"2026-02-15T19:48:27.149956500Z\",\"level\":\"INFO\",\"correlationId\":\"a057370e-d2ca-4129-a71a-7032da60fd2a\",\"traceId\":\"79952297c6924d2eb832726f363c5e8d\",\"spanId\":\"a77036b2d470\",\"method\":\"POST\",\"path\":\"/api/bookings/confirm\",\"status\":201,\"durationMs\":47}"}
{"timestamp":"2026-02-16T01:18:27.149+05:30","level":"INFO","correlationId":"","traceId":"","spanId":"","method":"","path":"","logger":"c.t.s.config.ApiRequestContextFilter","thread":"Test worker","msg":"{\"timestamp\":\"2026-02-15T19:48:27.149956500Z\",\"level\":\"INFO\",\"correlationId\":\"a057370e-d2ca-4129-a71a-7032da60fd2a\",\"traceId\":\"c910c6d50bb641f59041f55b67dd62e8\",\"spanId\":\"a77036b086fc\",\"method\":\"POST\",\"path\":\"/api/bookings/confirm\",\"status\":201,\"durationMs\":47}"}
{"timestamp":"2026-02-16T01:18:27.149+05:30","level":"INFO","correlationId":"bf2f10b5-e6be-4939-ac29-1bda3d290acf","traceId":"94524ee30ac4438e875d04d870cf9d7d","spanId":"a77039ae5a8c","method":"GET","path":"/api/bookings","logger":"c.t.s.controller.BookingController","thread":"Test worker","msg":"List bookings request received"}
{"timestamp":"2026-02-16T01:18:27.149+05:30","level":"INFO","correlationId":"bf2f10b5-e6be-4939-ac29-1bda3d290acf","traceId":"94524ee30ac4438e875d04d870cf9d7d","spanId":"a77039ae5a8c","method":"GET","path":"/api/bookings","logger":"c.t.system.service.BookingService","thread":"Test worker","msg":"Listing bookings"}
{"timestamp":"2026-02-16T01:18:27.170+05:30","level":"INFO","correlationId":"bf2f10b5-e6be-4939-ac29-1bda3d290acf","traceId":"94524ee30ac4438e875d04d870cf9d7d","spanId":"a77039ae5a8c","method":"GET","path":"/api/bookings","logger":"c.t.s.config.RequestContextFilter","thread":"Test worker","msg":"{\"timestamp\":\"2026-02-15T19:48:27.170932400Z\",\"level\":\"INFO\",\"correlationId\":\"bf2f10b5-e6be-4939-ac29-1bda3d290acf\",\"traceId\":\"94524ee30ac4438e875d04d870cf9d7d\",\"spanId\":\"a77039ae5a8c\",\"method\":\"GET\",\"path\":\"/api/bookings\",\"status\":200,\"durationMs\":21}"}
{"timestamp":"2026-02-16T01:18:27.170+05:30","level":"INFO","correlationId":"","traceId":"","spanId":"","method":"","path":"","logger":"c.t.s.config.ApiRequestContextFilter","thread":"Test worker","msg":"{\"timestamp\":\"2026-02-15T19:48:27.170932400Z\",\"level\":\"INFO\",\"correlationId\":\"bf2f10b5-e6be-4939-ac29-1bda3d290acf\",\"traceId\":\"ba1effe63cd94254a2ce978630ec2e28\",\"spanId\":\"a77039ad4980\",\"method\":\"GET\",\"path\":\"/api/bookings\",\"status\":200,\"durationMs\":21}"}
{"timestamp":"2026-02-16T01:18:27.170+05:30","level":"INFO","correlationId":"28e89cd7-9591-4208-9c85-3d1048210d5d","traceId":"c4b231b9211e44a7affafa8a010caf64","spanId":"a7703acf35d0","method":"GET","path":"/api/bookings/1","logger":"c.t.s.controller.BookingController","thread":"Test worker","msg":"View booking request received bookingId=1"}
{"timestamp":"2026-02-16T01:18:27.170+05:30","level":"INFO","correlationId":"28e89cd7-9591-4208-9c85-3d1048210d5d","traceId":"c4b231b9211e44a7affafa8a010caf64","spanId":"a7703acf35d0","method":"GET","path":"/api/bookings/1","logger":"c.t.system.service.BookingService","thread":"Test worker","msg":"Viewing booking bookingId=1"}
{"timestamp":"2026-02-16T01:18:27.181+05:30","level":"INFO","correlationId":"28e89cd7-9591-4208-9c85-3d1048210d5d","traceId":"c4b231b9211e44a7affafa8a010caf64","spanId":"a7703acf35d0","method":"GET","path":"/api/bookings/1","logger":"c.t.s.config.RequestContextFilter","thread":"Test worker","msg":"{\"timestamp\":\"2026-02-15T19:48:27.181533100Z\",\"level\":\"INFO\",\"correlationId\":\"28e89cd7-9591-4208-9c85-3d1048210d5d\",\"traceId\":\"c4b231b9211e44a7affafa8a010caf64\",\"spanId\":\"a7703acf35d0\",\"method\":\"GET\",\"path\":\"/api/bookings/1\",\"status\":200,\"durationMs\":11}"}
{"timestamp":"2026-02-16T01:18:27.181+05:30","level":"INFO","correlationId":"","traceId":"","spanId":"","method":"","path":"","logger":"c.t.s.config.ApiRequestContextFilter","thread":"Test worker","msg":"{\"timestamp\":\"2026-02-15T19:48:27.181533100Z\",\"level\":\"INFO\",\"correlationId\":\"28e89cd7-9591-4208-9c85-3d1048210d5d\",\"traceId\":\"b007013d12cc4c2fbd89e82aab4c88da\",\"spanId\":\"a7703ace1e84\",\"method\":\"GET\",\"path\":\"/api/bookings/1\",\"status\":200,\"durationMs\":11}"}
{"timestamp":"2026-02-16T01:18:27.181+05:30","level":"INFO","correlationId":"b5967155-52df-4ac4-97ee-4ab1ba40e02d","traceId":"e9e34675fbbe4f2daf8e3a164b14d04a","spanId":"a7703b6c0914","method":"GET","path":"/api/events/2/availability","logger":"c.t.s.config.RequestContextFilter","thread":"Test worker","msg":"{\"timestamp\":\"2026-02-15T19:48:27.181533100Z\",\"level\":\"INFO\",\"correlationId\":\"b5967155-52df-4ac4-97ee-4ab1ba40e02d\",\"traceId\":\"e9e34675fbbe4f2daf8e3a164b14d04a\",\"spanId\":\"a7703b6c0914\",\"method\":\"GET\",\"path\":\"/api/events/2/availability\",\"status\":200,\"durationMs\":0}"}
{"timestamp":"2026-02-16T01:18:27.181+05:30","level":"INFO","correlationId":"","traceId":"","spanId":"","method":"","path":"","logger":"c.t.s.config.ApiRequestContextFilter","thread":"Test worker","msg":"{\"timestamp\":\"2026-02-15T19:48:27.181533100Z\",\"level\":\"INFO\",\"correlationId\":\"b5967155-52df-4ac4-97ee-4ab1ba40e02d\",\"traceId\":\"d96374ce72db429887ecafd9e282707c\",\"spanId\":\"a7703b6a7018\",\"method\":\"GET\",\"path\":\"/api/events/2/availability\",\"status\":200,\"durationMs\":0}"}
{"timestamp":"2026-02-16T01:18:27.199+05:30","level":"INFO","correlationId":"2699c616-e072-4e97-9786-476d6070bd03","traceId":"703a69727e15449b885750ef47be0dea","spanId":"a7703c39f770","method":"POST","path":"/api/events","logger":"c.t.s.controller.EventController","thread":"Test worker","msg":"Create event request received name=No Header Event date=2026-02-18T01:18:27.199626200"}
{"timestamp":"2026-02-16T01:18:27.204+05:30","level":"INFO","correlationId":"2699c616-e072-4e97-9786-476d6070bd03","traceId":"703a69727e15449b885750ef47be0dea","spanId":"a7703c39f770","method":"POST","path":"/api/events","logger":"c.t.system.service.EventService","thread":"Test worker","msg":"Event created eventId=3 name=No Header Event"}
{"timestamp":"2026-02-16T01:18:27.204+05:30","level":"INFO","correlationId":"2699c616-e072-4e97-9786-476d6070bd03","traceId":"703a69727e15449b885750ef47be0dea","spanId":"a7703c39f770","method":"POST","path":"/api/events","logger":"c.t.s.config.RequestContextFilter","thread":"Test worker","msg":"{\"timestamp\":\"2026-02-15T19:48:27.204713600Z\",\"level\":\"INFO\",\"correlationId\":\"2699c616-e072-4e97-9786-476d6070bd03\",\"traceId\":\"703a69727e15449b885750ef47be0dea\",\"spanId\":\"a7703c39f770\",\"method\":\"POST\",\"path\":\"/api/events\",\"status\":201,\"durationMs\":5}"}
{"timestamp":"2026-02-16T01:18:27.204+05:30","level":"INFO","correlationId":"","traceId":"","spanId":"","method":"","path":"","logger":"c.t.s.config.ApiRequestContextFilter","thread":"Test worker","msg":"{\"timestamp\":\"2026-02-15T19:48:27.204713600Z\",\"level\":\"INFO\",\"correlationId\":\"e8976e04-9da7-4218-86f4-9dd36a284a55\",\"traceId\":\"172365de73b44d369c7325fed0f7365a\",\"spanId\":\"a7703c384510\",\"method\":\"POST\",\"path\":\"/api/events\",\"status\":201,\"durationMs\":5}"}
{"timestamp":"2026-02-16T01:18:27.219+05:30","level":"INFO","correlationId":"25d97c3a-6744-41c0-9b4f-c604810de137","traceId":"b8ceb8d0e58147e5b4e6c63788179ec0","spanId":"a7703d4d7790","method":"POST","path":"/api/events","logger":"c.t.s.controller.EventController","thread":"Test worker","msg":"Create event request received name=Idempotent Event 184100505478000 date=2026-02-21T01:18:27"}
{"timestamp":"2026-02-16T01:18:27.219+05:30","level":"INFO","correlationId":"25d97c3a-6744-41c0-9b4f-c604810de137","traceId":"b8ceb8d0e58147e5b4e6c63788179ec0","spanId":"a7703d4d7790","method":"POST","path":"/api/events","logger":"c.t.system.service.EventService","thread":"Test worker","msg":"Event created eventId=4 name=Idempotent Event 184100505478000"}
{"timestamp":"2026-02-16T01:18:27.219+05:30","level":"INFO","correlationId":"25d97c3a-6744-41c0-9b4f-c604810de137","traceId":"b8ceb8d0e58147e5b4e6c63788179ec0","spanId":"a7703d4d7790","method":"POST","path":"/api/events","logger":"c.t.s.config.RequestContextFilter","thread":"Test worker","msg":"{\"timestamp\":\"2026-02-15T19:48:27.219774100Z\",\"level\":\"INFO\",\"correlationId\":\"25d97c3a-6744-41c0-9b4f-c604810de137\",\"traceId\":\"b8ceb8d0e58147e5b4e6c63788179ec0\",\"spanId\":\"a7703d4d7790\",\"method\":\"POST\",\"path\":\"/api/events\",\"status\":201,\"durationMs\":6}"}
{"timestamp":"2026-02-16T01:18:27.219+05:30","level":"INFO","correlationId":"","traceId":"","spanId":"","method":"","path":"","logger":"c.t.s.config.ApiRequestContextFilter","thread":"Test worker","msg":"{\"timestamp\":\"2026-02-15T19:48:27.219774100Z\",\"level\":\"INFO\",\"correlationId\":\"25d97c3a-6744-41c0-9b4f-c604810de137\",\"traceId\":\"aff1320b30124b2c8ff229a9619290b6\",\"spanId\":\"a7703d4c5a04\",\"method\":\"POST\",\"path\":\"/api/events\",\"status\":201,\"durationMs\":6}"}
{"timestamp":"2026-02-16T01:18:27.227+05:30","level":"INFO","correlationId":"0ab6b395-75d5-45bc-b4f7-1167622ca8d5","traceId":"a45cd22c238341f9b0ec4b25095e692a","spanId":"a7703dd306f8","method":"POST","path":"/api/events","logger":"c.t.s.controller.EventController","thread":"Test worker","msg":"Create event request received name=Idempotent Event 184100505478000 date=2026-02-21T01:18:27"}
{"timestamp":"2026-02-16T01:18:27.227+05:30","level":"INFO","correlationId":"0ab6b395-75d5-45bc-b4f7-1167622ca8d5","traceId":"a45cd22c238341f9b0ec4b25095e692a","spanId":"a7703dd306f8","method":"POST","path":"/api/events","logger":"c.t.system.service.EventService","thread":"Test worker","msg":"Event create deduplicated eventId=4 name=Idempotent Event 184100505478000"}
{"timestamp":"2026-02-16T01:18:27.227+05:30","level":"INFO","correlationId":"0ab6b395-75d5-45bc-b4f7-1167622ca8d5","traceId":"a45cd22c238341f9b0ec4b25095e692a","spanId":"a7703dd306f8","method":"POST","path":"/api/events","logger":"c.t.s.config.RequestContextFilter","thread":"Test worker","msg":"{\"timestamp\":\"2026-02-15T19:48:27.227447600Z\",\"level\":\"INFO\",\"correlationId\":\"0ab6b395-75d5-45bc-b4f7-1167622ca8d5\",\"traceId\":\"a45cd22c238341f9b0ec4b25095e692a\",\"spanId\":\"a7703dd306f8\",\"method\":\"POST\",\"path\":\"/api/events\",\"status\":201,\"durationMs\":0}"}
{"timestamp":"2026-02-16T01:18:27.227+05:30","level":"INFO","correlationId":"","traceId":"","spanId":"","method":"","path":"","logger":"c.t.s.config.ApiRequestContextFilter","thread":"Test worker","msg":"{\"timestamp\":\"2026-02-15T19:48:27.227447600Z\",\"level\":\"INFO\",\"correlationId\":\"0ab6b395-75d5-45bc-b4f7-1167622ca8d5\",\"traceId\":\"b2a7f735060f4a0198cc08104a4b18ba\",\"spanId\":\"a7703dd1c964\",\"method\":\"POST\",\"path\":\"/api/events\",\"status\":201,\"durationMs\":0}"}
{"timestamp":"2026-02-16T01:18:27.227+05:30","level":"INFO","correlationId":"123a5767-697e-483e-b260-a02943b1e431","traceId":"39625363d9a7433e9631b1e842b13b53","spanId":"a7703e9f03ac","method":"POST","path":"/api/events","logger":"c.t.s.controller.EventController","thread":"Test worker","msg":"Create events request received count=2"}
{"timestamp":"2026-02-16T01:18:27.227+05:30","level":"INFO","correlationId":"123a5767-697e-483e-b260-a02943b1e431","traceId":"39625363d9a7433e9631b1e842b13b53","spanId":"a7703e9f03ac","method":"POST","path":"/api/events","logger":"c.t.system.service.EventService","thread":"Test worker","msg":"Creating events batch count=2"}
{"timestamp":"2026-02-16T01:18:27.243+05:30","level":"INFO","correlationId":"123a5767-697e-483e-b260-a02943b1e431","traceId":"39625363d9a7433e9631b1e842b13b53","spanId":"a7703e9f03ac","method":"POST","path":"/api/events","logger":"c.t.system.service.EventService","thread":"Test worker","msg":"Event created eventId=5 name=Tech Expo"}
{"timestamp":"2026-02-16T01:18:27.243+05:30","level":"INFO","correlationId":"123a5767-697e-483e-b260-a02943b1e431","traceId":"39625363d9a7433e9631b1e842b13b53","spanId":"a7703e9f03ac","method":"POST","path":"/api/events","logger":"c.t.system.service.EventService","thread":"Test worker","msg":"Event created eventId=6 name=Food Fest"}
{"timestamp":"2026-02-16T01:18:27.243+05:30","level":"INFO","correlationId":"123a5767-697e-483e-b260-a02943b1e431","traceId":"39625363d9a7433e9631b1e842b13b53","spanId":"a7703e9f03ac","method":"POST","path":"/api/events","logger":"c.t.s.config.RequestContextFilter","thread":"Test worker","msg":"{\"timestamp\":\"2026-02-15T19:48:27.243529600Z\",\"level\":\"INFO\",\"correlationId\":\"123a5767-697e-483e-b260-a02943b1e431\",\"traceId\":\"39625363d9a7433e9631b1e842b13b53\",\"spanId\":\"a7703e9f03ac\",\"method\":\"POST\",\"path\":\"/api/events\",\"status\":201,\"durationMs\":16}"}
{"timestamp":"2026-02-16T01:18:27.243+05:30","level":"INFO","correlationId":"","traceId":"","spanId":"","method":"","path":"","logger":"c.t.s.config.ApiRequestContextFilter","thread":"Test worker","msg":"{\"timestamp\":\"2026-02-15T19:48:27.243529600Z\",\"level\":\"INFO\",\"correlationId\":\"123a5767-697e-483e-b260-a02943b1e431\",\"traceId\":\"7c7474d4b30a43349cc7de84a58f92ad\",\"spanId\":\"a7703e9de814\",\"method\":\"POST\",\"path\":\"/api/events\",\"status\":201,\"durationMs\":16}"}
{"timestamp":"2026-02-16T01:18:27.274+05:30","level":"INFO","correlationId":"6447acb9-6544-48ae-8a96-05e8a38ccbe2","traceId":"5313c50953784a8684774e4e3d948a32","spanId":"a7703f8640f0","method":"GET","path":"/api/events/availability","logger":"c.t.s.config.RequestContextFilter","thread":"Test worker","msg":"{\"timestamp\":\"2026-02-15T19:48:27.274932700Z\",\"level\":\"INFO\",\"correlationId\":\"6447acb9-6544-48ae-8a96-05e8a38ccbe2\",\"traceId\":\"5313c50953784a8684774e4e3d948a32\",\"spanId\":\"a7703f8640f0\",\"method\":\"GET\",\"path\":\"/api/events/availability\",\"status\":200,\"durationMs\":31}"}
{"timestamp":"2026-02-16T01:18:27.274+05:30","level":"INFO","correlationId":"","traceId":"","spanId":"","method":"","path":"","logger":"c.t.s.config.ApiRequestContextFilter","thread":"Test worker","msg":"{\"timestamp\":\"2026-02-15T19:48:27.274932700Z\",\"level\":\"INFO\",\"correlationId\":\"6447acb9-6544-48ae-8a96-05e8a38ccbe2\",\"traceId\":\"de63d9198c604988b47822b78ac03aa1\",\"spanId\":\"a7703f850104\",\"method\":\"GET\",\"path\":\"/api/events/availability\",\"status\":200,\"durationMs\":31}"}
]]></system-out>
  <system-err><![CDATA[WARNING: A Java agent has been loaded dynamically (C:\Users\ingle\.gradle\caches\modules-2\files-2.1\net.bytebuddy\byte-buddy-agent\1.14.19\154da3a65b4f4a909d3e5bdec55d1b2b4cbb6ce1\byte-buddy-agent-1.14.19.jar)
WARNING: If a serviceability tool is in use, please run with -XX:+EnableDynamicAgentLoading to hide this warning
WARNING: If a serviceability tool is not in use, please run with -Djdk.instrument.traceUsage for more information
WARNING: Dynamic loading of agents will be disallowed by default in a future release
]]></system-err>
</testsuite>
